<?xml version="1.0" encoding="UTF-8"?>
<!-- Generated by org.testng.reporters.JUnitReportReporter -->
<testsuite hostname="ram" failures="0" tests="1" name="com.TestNG.Tc_Login" time="29.346" errors="0" timestamp="2022-07-15T13:25:55 GMT+05:30" skipped="0">
  <testcase classname="com.TestNG.Tc_Login" name="login_test" time="29.346"/>
  <system-out/>
</testsuite> <!-- com.TestNG.Tc_Login -->
