<?xml version="1.0" encoding="UTF-8"?>
<!-- Generated by org.testng.reporters.JUnitReportReporter -->
<testsuite hostname="ram" failures="0" tests="2" name="com.TestNG.TestNG_Run" time="108.709" errors="0" timestamp="2022-07-15T22:11:12 GMT+05:30" skipped="0">
  <testcase classname="com.TestNG.TestNG_Run" name="login" time="16.673"/>
  <system-out/>
  <testcase classname="com.TestNG.TestNG_Run" name="browserlaunch" time="92.036"/>
  <system-out/>
</testsuite> <!-- com.TestNG.TestNG_Run -->
