<?xml version="1.0" encoding="UTF-8"?>
<!-- Generated by org.testng.reporters.JUnitReportReporter -->
<testsuite hostname="ram" failures="0" tests="2" name="com.TestNG.TestNG_Run" time="9.621" errors="0" timestamp="2022-07-15T13:07:21 GMT+05:30" skipped="0">
  <testcase classname="com.TestNG.TestNG_Run" name="browserlaunch" time="8.022"/>
  <system-out/>
  <testcase classname="com.TestNG.TestNG_Run" name="login" time="1.599"/>
  <system-out/>
</testsuite> <!-- com.TestNG.TestNG_Run -->
